{"level":"info","message":"Database connection pool created successfully","service":"auth-api","timestamp":"2026-02-15 12:32:30"}
{"code":"28P01","file":"auth.c","length":104,"level":"error","line":"331","message":"Failed to start server: password authentication failed for user \"postgres\"","name":"error","routine":"auth_failed","service":"auth-api","severity":"FATAL","stack":"error: password authentication failed for user \"postgres\"\n    at /home/whh32/Downloads/nodejs-postgresql-complete/node_modules/pg-pool/index.js:45:11\n    at process.processTicksAndRejections (node:internal/process/task_queues:105:5)\n    at async startServer (/home/whh32/Downloads/nodejs-postgresql-complete/src/server.js:108:5)","timestamp":"2026-02-15 12:32:30"}
{"level":"info","message":"Database connection pool created successfully","service":"auth-api","timestamp":"2026-02-15 12:32:46"}
{"level":"debug","message":"New database connection established","service":"auth-api","timestamp":"2026-02-15 12:32:46"}
{"level":"info","message":"Database connection established","service":"auth-api","timestamp":"2026-02-15 12:32:46"}
{"level":"info","message":"Server started on port 8000","service":"auth-api","timestamp":"2026-02-15 12:32:46"}
{"level":"info","message":"GET /api-docs/","service":"auth-api","timestamp":"2026-02-15 12:35:06"}
{"level":"info","message":"GET /api-docs/swagger-ui-bundle.js","service":"auth-api","timestamp":"2026-02-15 12:35:06"}
{"level":"info","message":"GET /api-docs/swagger-ui.css","service":"auth-api","timestamp":"2026-02-15 12:35:06"}
{"level":"info","message":"GET /api-docs/swagger-ui-init.js","service":"auth-api","timestamp":"2026-02-15 12:35:06"}
{"level":"info","message":"GET /api-docs/swagger-ui-standalone-preset.js","service":"auth-api","timestamp":"2026-02-15 12:35:06"}
{"level":"info","message":"GET /api-docs/favicon-32x32.png","service":"auth-api","timestamp":"2026-02-15 12:35:07"}
{"level":"info","message":"GET /api-docs/swagger-ui-init.js","service":"auth-api","timestamp":"2026-02-15 12:35:09"}
{"level":"info","message":"GET /api-docs/swagger-ui-standalone-preset.js","service":"auth-api","timestamp":"2026-02-15 12:35:09"}
{"level":"info","message":"GET /api-docs/swagger-ui-bundle.js","service":"auth-api","timestamp":"2026-02-15 12:35:09"}
{"level":"info","message":"Database connection pool created successfully","service":"auth-api","timestamp":"2026-02-15 12:37:35"}
{"level":"debug","message":"New database connection established","service":"auth-api","timestamp":"2026-02-15 12:37:35"}
{"level":"info","message":"Database connection established","service":"auth-api","timestamp":"2026-02-15 12:37:35"}
{"level":"info","message":"Server started on port 8000","service":"auth-api","timestamp":"2026-02-15 12:37:35"}
{"level":"info","message":"POST /api/auth/register","service":"auth-api","timestamp":"2026-02-15 12:40:18"}
{"level":"debug","message":"New database connection established","service":"auth-api","timestamp":"2026-02-15 12:40:18"}
{"code":"42P01","file":"parse_relation.c","length":104,"level":"error","line":"1449","message":"Database query error: relation \"users\" does not exist","name":"error","position":"29","routine":"parserOpenTable","service":"auth-api","severity":"ERROR","stack":"error: relation \"users\" does not exist\n    at /home/whh32/Desktop/whh32/nodejs-postgresql-complete/node_modules/pg-pool/index.js:45:11\n    at process.processTicksAndRejections (node:internal/process/task_queues:105:5)\n    at async Database.query (/home/whh32/Desktop/whh32/nodejs-postgresql-complete/src/config/database.js:45:22)\n    at async UserRepository.exists (/home/whh32/Desktop/whh32/nodejs-postgresql-complete/src/repositories/BaseRepository.js:112:22)\n    at async AuthService.register (/home/whh32/Desktop/whh32/nodejs-postgresql-complete/src/services/AuthService.js:13:30)\n    at async register (/home/whh32/Desktop/whh32/nodejs-postgresql-complete/src/controllers/AuthController.js:11:22)","timestamp":"2026-02-15 12:40:18"}
{"code":"42P01","file":"parse_relation.c","length":104,"level":"error","line":"1449","message":"Error in exists (users): relation \"users\" does not exist","name":"error","position":"29","routine":"parserOpenTable","service":"auth-api","severity":"ERROR","stack":"error: relation \"users\" does not exist\n    at /home/whh32/Desktop/whh32/nodejs-postgresql-complete/node_modules/pg-pool/index.js:45:11\n    at process.processTicksAndRejections (node:internal/process/task_queues:105:5)\n    at async Database.query (/home/whh32/Desktop/whh32/nodejs-postgresql-complete/src/config/database.js:45:22)\n    at async UserRepository.exists (/home/whh32/Desktop/whh32/nodejs-postgresql-complete/src/repositories/BaseRepository.js:112:22)\n    at async AuthService.register (/home/whh32/Desktop/whh32/nodejs-postgresql-complete/src/services/AuthService.js:13:30)\n    at async register (/home/whh32/Desktop/whh32/nodejs-postgresql-complete/src/controllers/AuthController.js:11:22)","timestamp":"2026-02-15 12:40:18"}
{"code":"42P01","file":"parse_relation.c","length":104,"level":"error","line":"1449","message":"Error in register service: relation \"users\" does not exist","name":"error","position":"29","routine":"parserOpenTable","service":"auth-api","severity":"ERROR","stack":"error: relation \"users\" does not exist\n    at /home/whh32/Desktop/whh32/nodejs-postgresql-complete/node_modules/pg-pool/index.js:45:11\n    at process.processTicksAndRejections (node:internal/process/task_queues:105:5)\n    at async Database.query (/home/whh32/Desktop/whh32/nodejs-postgresql-complete/src/config/database.js:45:22)\n    at async UserRepository.exists (/home/whh32/Desktop/whh32/nodejs-postgresql-complete/src/repositories/BaseRepository.js:112:22)\n    at async AuthService.register (/home/whh32/Desktop/whh32/nodejs-postgresql-complete/src/services/AuthService.js:13:30)\n    at async register (/home/whh32/Desktop/whh32/nodejs-postgresql-complete/src/controllers/AuthController.js:11:22)","timestamp":"2026-02-15 12:40:18"}
{"level":"error","message":"relation \"users\" does not exist","method":"POST","path":"/api/auth/register","service":"auth-api","stack":"error: relation \"users\" does not exist\n    at /home/whh32/Desktop/whh32/nodejs-postgresql-complete/node_modules/pg-pool/index.js:45:11\n    at process.processTicksAndRejections (node:internal/process/task_queues:105:5)\n    at async Database.query (/home/whh32/Desktop/whh32/nodejs-postgresql-complete/src/config/database.js:45:22)\n    at async UserRepository.exists (/home/whh32/Desktop/whh32/nodejs-postgresql-complete/src/repositories/BaseRepository.js:112:22)\n    at async AuthService.register (/home/whh32/Desktop/whh32/nodejs-postgresql-complete/src/services/AuthService.js:13:30)\n    at async register (/home/whh32/Desktop/whh32/nodejs-postgresql-complete/src/controllers/AuthController.js:11:22)","timestamp":"2026-02-15 12:40:18"}
{"level":"info","message":"POST /api/auth/register","service":"auth-api","timestamp":"2026-02-15 12:40:40"}
{"level":"debug","message":"New database connection established","service":"auth-api","timestamp":"2026-02-15 12:40:40"}
{"code":"42P01","file":"parse_relation.c","length":104,"level":"error","line":"1449","message":"Database query error: relation \"users\" does not exist","name":"error","position":"29","routine":"parserOpenTable","service":"auth-api","severity":"ERROR","stack":"error: relation \"users\" does not exist\n    at /home/whh32/Desktop/whh32/nodejs-postgresql-complete/node_modules/pg-pool/index.js:45:11\n    at process.processTicksAndRejections (node:internal/process/task_queues:105:5)\n    at async Database.query (/home/whh32/Desktop/whh32/nodejs-postgresql-complete/src/config/database.js:45:22)\n    at async UserRepository.exists (/home/whh32/Desktop/whh32/nodejs-postgresql-complete/src/repositories/BaseRepository.js:112:22)\n    at async AuthService.register (/home/whh32/Desktop/whh32/nodejs-postgresql-complete/src/services/AuthService.js:13:30)\n    at async register (/home/whh32/Desktop/whh32/nodejs-postgresql-complete/src/controllers/AuthController.js:11:22)","timestamp":"2026-02-15 12:40:40"}
{"code":"42P01","file":"parse_relation.c","length":104,"level":"error","line":"1449","message":"Error in exists (users): relation \"users\" does not exist","name":"error","position":"29","routine":"parserOpenTable","service":"auth-api","severity":"ERROR","stack":"error: relation \"users\" does not exist\n    at /home/whh32/Desktop/whh32/nodejs-postgresql-complete/node_modules/pg-pool/index.js:45:11\n    at process.processTicksAndRejections (node:internal/process/task_queues:105:5)\n    at async Database.query (/home/whh32/Desktop/whh32/nodejs-postgresql-complete/src/config/database.js:45:22)\n    at async UserRepository.exists (/home/whh32/Desktop/whh32/nodejs-postgresql-complete/src/repositories/BaseRepository.js:112:22)\n    at async AuthService.register (/home/whh32/Desktop/whh32/nodejs-postgresql-complete/src/services/AuthService.js:13:30)\n    at async register (/home/whh32/Desktop/whh32/nodejs-postgresql-complete/src/controllers/AuthController.js:11:22)","timestamp":"2026-02-15 12:40:40"}
{"code":"42P01","file":"parse_relation.c","length":104,"level":"error","line":"1449","message":"Error in register service: relation \"users\" does not exist","name":"error","position":"29","routine":"parserOpenTable","service":"auth-api","severity":"ERROR","stack":"error: relation \"users\" does not exist\n    at /home/whh32/Desktop/whh32/nodejs-postgresql-complete/node_modules/pg-pool/index.js:45:11\n    at process.processTicksAndRejections (node:internal/process/task_queues:105:5)\n    at async Database.query (/home/whh32/Desktop/whh32/nodejs-postgresql-complete/src/config/database.js:45:22)\n    at async UserRepository.exists (/home/whh32/Desktop/whh32/nodejs-postgresql-complete/src/repositories/BaseRepository.js:112:22)\n    at async AuthService.register (/home/whh32/Desktop/whh32/nodejs-postgresql-complete/src/services/AuthService.js:13:30)\n    at async register (/home/whh32/Desktop/whh32/nodejs-postgresql-complete/src/controllers/AuthController.js:11:22)","timestamp":"2026-02-15 12:40:40"}
{"level":"error","message":"relation \"users\" does not exist","method":"POST","path":"/api/auth/register","service":"auth-api","stack":"error: relation \"users\" does not exist\n    at /home/whh32/Desktop/whh32/nodejs-postgresql-complete/node_modules/pg-pool/index.js:45:11\n    at process.processTicksAndRejections (node:internal/process/task_queues:105:5)\n    at async Database.query (/home/whh32/Desktop/whh32/nodejs-postgresql-complete/src/config/database.js:45:22)\n    at async UserRepository.exists (/home/whh32/Desktop/whh32/nodejs-postgresql-complete/src/repositories/BaseRepository.js:112:22)\n    at async AuthService.register (/home/whh32/Desktop/whh32/nodejs-postgresql-complete/src/services/AuthService.js:13:30)\n    at async register (/home/whh32/Desktop/whh32/nodejs-postgresql-complete/src/controllers/AuthController.js:11:22)","timestamp":"2026-02-15 12:40:40"}
{"level":"info","message":"Database connection pool created successfully","service":"auth-api","timestamp":"2026-02-15 12:50:34"}
{"level":"debug","message":"New database connection established","service":"auth-api","timestamp":"2026-02-15 12:50:34"}
{"level":"info","message":"Database connection established","service":"auth-api","timestamp":"2026-02-15 12:50:34"}
{"level":"info","message":"Server started on port 8000","service":"auth-api","timestamp":"2026-02-15 12:50:34"}
{"level":"info","message":"POST /api/auth/register","service":"auth-api","timestamp":"2026-02-15 12:53:00"}
{"level":"debug","message":"New database connection established","service":"auth-api","timestamp":"2026-02-15 12:53:00"}
{"duration":17,"level":"debug","message":"Executed query","rows":1,"service":"auth-api","text":"SELECT EXISTS(SELECT 1 FROM users WHERE username = $1)","timestamp":"2026-02-15 12:53:00"}
{"duration":1,"level":"debug","message":"Executed query","rows":1,"service":"auth-api","text":"SELECT EXISTS(SELECT 1 FROM users WHERE email = $1)","timestamp":"2026-02-15 12:53:00"}
{"duration":3,"level":"debug","message":"Executed query","rows":1,"service":"auth-api","text":"\n        INSERT INTO users (username, email, password, first_name, last_name) \n        VALUES ($1, $2, $3, $4, $5)\n        RETURNING *\n      ","timestamp":"2026-02-15 12:53:00"}
{"level":"info","message":"User registered successfully: whh32","service":"auth-api","timestamp":"2026-02-15 12:53:00"}
{"level":"info","message":"POST /api/auth/login","service":"auth-api","timestamp":"2026-02-15 12:53:30"}
{"level":"debug","message":"New database connection established","service":"auth-api","timestamp":"2026-02-15 12:53:30"}
{"duration":25,"level":"debug","message":"Executed query","rows":1,"service":"auth-api","text":"SELECT * FROM users WHERE username = $1","timestamp":"2026-02-15 12:53:30"}
{"duration":3,"level":"debug","message":"Executed query","rows":1,"service":"auth-api","text":"UPDATE users SET last_login = NOW() WHERE id = $1","timestamp":"2026-02-15 12:53:30"}
{"level":"info","message":"User logged in successfully: whh32","service":"auth-api","timestamp":"2026-02-15 12:53:30"}
{"level":"info","message":"GET /api/auth/me","service":"auth-api","timestamp":"2026-02-15 12:53:30"}
{"level":"debug","message":"User authenticated: whh32","service":"auth-api","timestamp":"2026-02-15 12:53:30"}
{"duration":4,"level":"debug","message":"Executed query","rows":1,"service":"auth-api","text":"\n        SELECT id, username, email, first_name, last_name, \n               created_at, updated_at, last_login\n        FROM users \n        WHERE id = $1\n      ","timestamp":"2026-02-15 12:53:30"}
{"level":"info","message":"GET /api/auth/me","service":"auth-api","timestamp":"2026-02-15 12:53:30"}
{"level":"debug","message":"User authenticated: whh32","service":"auth-api","timestamp":"2026-02-15 12:53:30"}
{"duration":2,"level":"debug","message":"Executed query","rows":1,"service":"auth-api","text":"\n        SELECT id, username, email, first_name, last_name, \n               created_at, updated_at, last_login\n        FROM users \n        WHERE id = $1\n      ","timestamp":"2026-02-15 12:53:30"}
{"level":"info","message":"GET /api/auth/me","service":"auth-api","timestamp":"2026-02-15 12:53:37"}
{"level":"debug","message":"User authenticated: whh32","service":"auth-api","timestamp":"2026-02-15 12:53:37"}
{"duration":3,"level":"debug","message":"Executed query","rows":1,"service":"auth-api","text":"\n        SELECT id, username, email, first_name, last_name, \n               created_at, updated_at, last_login\n        FROM users \n        WHERE id = $1\n      ","timestamp":"2026-02-15 12:53:37"}
{"level":"info","message":"GET /api/auth/me","service":"auth-api","timestamp":"2026-02-15 12:53:45"}
{"level":"debug","message":"User authenticated: whh32","service":"auth-api","timestamp":"2026-02-15 12:53:45"}
{"duration":1,"level":"debug","message":"Executed query","rows":1,"service":"auth-api","text":"\n        SELECT id, username, email, first_name, last_name, \n               created_at, updated_at, last_login\n        FROM users \n        WHERE id = $1\n      ","timestamp":"2026-02-15 12:53:45"}
{"level":"info","message":"GET /api/auth/me","service":"auth-api","timestamp":"2026-02-15 12:53:54"}
{"level":"debug","message":"User authenticated: whh32","service":"auth-api","timestamp":"2026-02-15 12:53:54"}
{"duration":11,"level":"debug","message":"Executed query","rows":1,"service":"auth-api","text":"\n        SELECT id, username, email, first_name, last_name, \n               created_at, updated_at, last_login\n        FROM users \n        WHERE id = $1\n      ","timestamp":"2026-02-15 12:53:54"}
{"level":"info","message":"POST /api/auth/login","service":"auth-api","timestamp":"2026-02-15 12:54:07"}
{"level":"debug","message":"New database connection established","service":"auth-api","timestamp":"2026-02-15 12:54:07"}
{"duration":20,"level":"debug","message":"Executed query","rows":1,"service":"auth-api","text":"SELECT * FROM users WHERE username = $1","timestamp":"2026-02-15 12:54:07"}
{"duration":2,"level":"debug","message":"Executed query","rows":1,"service":"auth-api","text":"UPDATE users SET last_login = NOW() WHERE id = $1","timestamp":"2026-02-15 12:54:07"}
{"level":"info","message":"User logged in successfully: whh32","service":"auth-api","timestamp":"2026-02-15 12:54:07"}
{"level":"info","message":"GET /api/auth/me","service":"auth-api","timestamp":"2026-02-15 12:54:07"}
{"level":"debug","message":"User authenticated: whh32","service":"auth-api","timestamp":"2026-02-15 12:54:07"}
{"duration":1,"level":"debug","message":"Executed query","rows":1,"service":"auth-api","text":"\n        SELECT id, username, email, first_name, last_name, \n               created_at, updated_at, last_login\n        FROM users \n        WHERE id = $1\n      ","timestamp":"2026-02-15 12:54:07"}
{"level":"info","message":"GET /api/auth/me","service":"auth-api","timestamp":"2026-02-15 12:54:07"}
{"level":"debug","message":"User authenticated: whh32","service":"auth-api","timestamp":"2026-02-15 12:54:07"}
{"duration":3,"level":"debug","message":"Executed query","rows":1,"service":"auth-api","text":"\n        SELECT id, username, email, first_name, last_name, \n               created_at, updated_at, last_login\n        FROM users \n        WHERE id = $1\n      ","timestamp":"2026-02-15 12:54:07"}
{"level":"info","message":"GET /api/auth/me","service":"auth-api","timestamp":"2026-02-15 12:54:48"}
{"level":"debug","message":"User authenticated: whh32","service":"auth-api","timestamp":"2026-02-15 12:54:48"}
{"level":"debug","message":"New database connection established","service":"auth-api","timestamp":"2026-02-15 12:54:48"}
{"duration":15,"level":"debug","message":"Executed query","rows":1,"service":"auth-api","text":"\n        SELECT id, username, email, first_name, last_name, \n               created_at, updated_at, last_login\n        FROM users \n        WHERE id = $1\n      ","timestamp":"2026-02-15 12:54:48"}
{"level":"info","message":"GET /api/auth/me","service":"auth-api","timestamp":"2026-02-15 12:54:48"}
{"level":"debug","message":"User authenticated: whh32","service":"auth-api","timestamp":"2026-02-15 12:54:48"}
{"duration":1,"level":"debug","message":"Executed query","rows":1,"service":"auth-api","text":"\n        SELECT id, username, email, first_name, last_name, \n               created_at, updated_at, last_login\n        FROM users \n        WHERE id = $1\n      ","timestamp":"2026-02-15 12:54:48"}
{"level":"info","message":"POST /api/auth/login","service":"auth-api","timestamp":"2026-02-15 12:55:27"}
{"level":"debug","message":"New database connection established","service":"auth-api","timestamp":"2026-02-15 12:55:27"}
{"duration":13,"level":"debug","message":"Executed query","rows":1,"service":"auth-api","text":"SELECT * FROM users WHERE username = $1","timestamp":"2026-02-15 12:55:27"}
{"duration":3,"level":"debug","message":"Executed query","rows":1,"service":"auth-api","text":"UPDATE users SET last_login = NOW() WHERE id = $1","timestamp":"2026-02-15 12:55:27"}
{"level":"info","message":"User logged in successfully: whh32","service":"auth-api","timestamp":"2026-02-15 12:55:27"}
{"level":"info","message":"GET /api/auth/me","service":"auth-api","timestamp":"2026-02-15 12:55:27"}
{"level":"debug","message":"User authenticated: whh32","service":"auth-api","timestamp":"2026-02-15 12:55:27"}
{"duration":5,"level":"debug","message":"Executed query","rows":1,"service":"auth-api","text":"\n        SELECT id, username, email, first_name, last_name, \n               created_at, updated_at, last_login\n        FROM users \n        WHERE id = $1\n      ","timestamp":"2026-02-15 12:55:27"}
{"level":"info","message":"GET /api/auth/me","service":"auth-api","timestamp":"2026-02-15 12:55:27"}
{"level":"debug","message":"User authenticated: whh32","service":"auth-api","timestamp":"2026-02-15 12:55:27"}
{"duration":3,"level":"debug","message":"Executed query","rows":1,"service":"auth-api","text":"\n        SELECT id, username, email, first_name, last_name, \n               created_at, updated_at, last_login\n        FROM users \n        WHERE id = $1\n      ","timestamp":"2026-02-15 12:55:27"}
{"level":"info","message":"GET /api-docs/","service":"auth-api","timestamp":"2026-02-15 12:56:38"}
{"level":"info","message":"GET /api-docs/swagger-ui.css","service":"auth-api","timestamp":"2026-02-15 12:56:38"}
{"level":"info","message":"GET /api-docs/swagger-ui-bundle.js","service":"auth-api","timestamp":"2026-02-15 12:56:38"}
{"level":"info","message":"GET /api-docs/swagger-ui-standalone-preset.js","service":"auth-api","timestamp":"2026-02-15 12:56:38"}
{"level":"info","message":"GET /api-docs/swagger-ui-init.js","service":"auth-api","timestamp":"2026-02-15 12:56:38"}
{"level":"info","message":"GET /api-docs/","service":"auth-api","timestamp":"2026-02-15 12:57:30"}
{"level":"info","message":"Database connection pool created successfully","service":"auth-api","timestamp":"2026-02-15 12:57:58"}
{"level":"debug","message":"New database connection established","service":"auth-api","timestamp":"2026-02-15 12:57:58"}
{"level":"info","message":"Database connection established","service":"auth-api","timestamp":"2026-02-15 12:57:58"}
{"level":"info","message":"Server started on port 8000","service":"auth-api","timestamp":"2026-02-15 12:57:58"}
{"level":"info","message":"GET /api-docs/","service":"auth-api","timestamp":"2026-02-15 12:58:15"}
{"level":"info","message":"GET /api-docs/swagger-ui.css","service":"auth-api","timestamp":"2026-02-15 12:58:15"}
{"level":"info","message":"GET /api-docs/swagger-ui-bundle.js","service":"auth-api","timestamp":"2026-02-15 12:58:15"}
{"level":"info","message":"GET /api-docs/swagger-ui-standalone-preset.js","service":"auth-api","timestamp":"2026-02-15 12:58:15"}
{"level":"info","message":"GET /api-docs/swagger-ui-init.js","service":"auth-api","timestamp":"2026-02-15 12:58:15"}
{"level":"info","message":"GET /api-docs/swagger-ui-init.js","service":"auth-api","timestamp":"2026-02-15 12:58:15"}
{"level":"info","message":"GET /api-docs/swagger-ui-bundle.js","service":"auth-api","timestamp":"2026-02-15 12:58:15"}
{"level":"info","message":"GET /api-docs/swagger-ui-standalone-preset.js","service":"auth-api","timestamp":"2026-02-15 12:58:15"}
{"level":"info","message":"GET /api-docs/favicon-32x32.png","service":"auth-api","timestamp":"2026-02-15 12:58:16"}
{"level":"info","message":"GET /api/auth/me","service":"auth-api","timestamp":"2026-02-15 12:58:53"}
{"level":"debug","message":"User authenticated: whh32","service":"auth-api","timestamp":"2026-02-15 12:58:53"}
{"level":"debug","message":"New database connection established","service":"auth-api","timestamp":"2026-02-15 12:58:53"}
{"duration":20,"level":"debug","message":"Executed query","rows":1,"service":"auth-api","text":"\n        SELECT id, username, email, first_name, last_name, \n               created_at, updated_at, last_login\n        FROM users \n        WHERE id = $1\n      ","timestamp":"2026-02-15 12:58:53"}
{"level":"info","message":"GET /api/auth/me","service":"auth-api","timestamp":"2026-02-15 12:58:53"}
{"level":"debug","message":"User authenticated: whh32","service":"auth-api","timestamp":"2026-02-15 12:58:53"}
{"duration":1,"level":"debug","message":"Executed query","rows":1,"service":"auth-api","text":"\n        SELECT id, username, email, first_name, last_name, \n               created_at, updated_at, last_login\n        FROM users \n        WHERE id = $1\n      ","timestamp":"2026-02-15 12:58:53"}
{"level":"info","message":"SIGINT signal received: closing HTTP server","service":"auth-api","timestamp":"2026-02-15 12:59:24"}
{"level":"info","message":"Database connection pool created successfully","service":"auth-api","timestamp":"2026-02-15 13:05:04"}
{"level":"debug","message":"New database connection established","service":"auth-api","timestamp":"2026-02-15 13:05:04"}
{"level":"info","message":"Database connection established","service":"auth-api","timestamp":"2026-02-15 13:05:04"}
{"level":"info","message":"Server started on port 8000","service":"auth-api","timestamp":"2026-02-15 13:05:04"}
{"level":"info","message":"GET /api-docs/","service":"auth-api","timestamp":"2026-02-15 13:05:07"}
{"level":"info","message":"GET /api-docs/swagger-ui.css","service":"auth-api","timestamp":"2026-02-15 13:05:08"}
{"level":"info","message":"GET /api-docs/swagger-ui-bundle.js","service":"auth-api","timestamp":"2026-02-15 13:05:08"}
{"level":"info","message":"GET /api-docs/swagger-ui-standalone-preset.js","service":"auth-api","timestamp":"2026-02-15 13:05:08"}
{"level":"info","message":"GET /api-docs/swagger-ui-init.js","service":"auth-api","timestamp":"2026-02-15 13:05:08"}
{"level":"info","message":"GET /api-docs/swagger-ui-bundle.js","service":"auth-api","timestamp":"2026-02-15 13:05:08"}
{"level":"info","message":"GET /api-docs/swagger-ui-standalone-preset.js","service":"auth-api","timestamp":"2026-02-15 13:05:08"}
{"level":"info","message":"GET /api-docs/swagger-ui-init.js","service":"auth-api","timestamp":"2026-02-15 13:05:08"}
{"level":"info","message":"GET /api-docs/favicon-32x32.png","service":"auth-api","timestamp":"2026-02-15 13:05:08"}
{"level":"info","message":"GET /api/auth/me","service":"auth-api","timestamp":"2026-02-15 13:05:17"}
{"level":"debug","message":"User authenticated: whh32","service":"auth-api","timestamp":"2026-02-15 13:05:17"}
{"level":"debug","message":"New database connection established","service":"auth-api","timestamp":"2026-02-15 13:05:17"}
{"duration":35,"level":"debug","message":"Executed query","rows":1,"service":"auth-api","text":"\n        SELECT id, username, email, first_name, last_name, \n               created_at, updated_at, last_login\n        FROM users \n        WHERE id = $1\n      ","timestamp":"2026-02-15 13:05:17"}
{"level":"info","message":"GET /api-docs/","service":"auth-api","timestamp":"2026-02-15 13:06:09"}
{"level":"info","message":"GET /api-docs/swagger-ui.css","service":"auth-api","timestamp":"2026-02-15 13:06:09"}
{"level":"info","message":"GET /api-docs/swagger-ui-bundle.js","service":"auth-api","timestamp":"2026-02-15 13:06:09"}
{"level":"info","message":"GET /api-docs/swagger-ui-standalone-preset.js","service":"auth-api","timestamp":"2026-02-15 13:06:09"}
{"level":"info","message":"GET /api-docs/swagger-ui-init.js","service":"auth-api","timestamp":"2026-02-15 13:06:09"}
{"level":"info","message":"GET /api-docs/favicon-32x32.png","service":"auth-api","timestamp":"2026-02-15 13:06:09"}
{"level":"info","message":"Database connection pool created successfully","service":"auth-api","timestamp":"2026-02-15 13:07:59"}
{"level":"debug","message":"New database connection established","service":"auth-api","timestamp":"2026-02-15 13:07:59"}
{"level":"info","message":"Database connection established","service":"auth-api","timestamp":"2026-02-15 13:07:59"}
{"level":"info","message":"Server started on port 8000","service":"auth-api","timestamp":"2026-02-15 13:07:59"}
{"level":"info","message":"SIGINT signal received: closing HTTP server","service":"auth-api","timestamp":"2026-02-15 13:08:21"}
{"level":"info","message":"Database connection pool created successfully","service":"auth-api","timestamp":"2026-02-15 13:08:23"}
{"level":"debug","message":"New database connection established","service":"auth-api","timestamp":"2026-02-15 13:08:23"}
{"level":"info","message":"Database connection established","service":"auth-api","timestamp":"2026-02-15 13:08:23"}
{"level":"info","message":"Server started on port 8000","service":"auth-api","timestamp":"2026-02-15 13:08:23"}
{"level":"info","message":"GET /api-docs/","service":"auth-api","timestamp":"2026-02-15 13:08:41"}
{"level":"info","message":"GET /api-docs/swagger-ui.css","service":"auth-api","timestamp":"2026-02-15 13:08:42"}
{"level":"info","message":"GET /api-docs/swagger-ui-bundle.js","service":"auth-api","timestamp":"2026-02-15 13:08:42"}
{"level":"info","message":"GET /api-docs/swagger-ui-standalone-preset.js","service":"auth-api","timestamp":"2026-02-15 13:08:42"}
{"level":"info","message":"GET /api-docs/swagger-ui-init.js","service":"auth-api","timestamp":"2026-02-15 13:08:42"}
{"level":"info","message":"GET /api-docs/favicon-32x32.png","service":"auth-api","timestamp":"2026-02-15 13:08:42"}
{"level":"info","message":"GET /api/auth/me","service":"auth-api","timestamp":"2026-02-15 13:08:48"}
{"level":"info","message":"GET /api/auth/me","service":"auth-api","timestamp":"2026-02-15 13:09:04"}
{"level":"debug","message":"User authenticated: whh32","service":"auth-api","timestamp":"2026-02-15 13:09:04"}
{"level":"debug","message":"New database connection established","service":"auth-api","timestamp":"2026-02-15 13:09:04"}
{"duration":16,"level":"debug","message":"Executed query","rows":1,"service":"auth-api","text":"\n        SELECT id, username, email, first_name, last_name, \n               created_at, updated_at, last_login\n        FROM users \n        WHERE id = $1\n      ","timestamp":"2026-02-15 13:09:04"}
{"level":"info","message":"GET /api/auth/me","service":"auth-api","timestamp":"2026-02-15 13:09:43"}
{"level":"debug","message":"User authenticated: whh32","service":"auth-api","timestamp":"2026-02-15 13:09:43"}
{"level":"debug","message":"New database connection established","service":"auth-api","timestamp":"2026-02-15 13:09:43"}
{"duration":43,"level":"debug","message":"Executed query","rows":1,"service":"auth-api","text":"\n        SELECT id, username, email, first_name, last_name, \n               created_at, updated_at, last_login\n        FROM users \n        WHERE id = $1\n      ","timestamp":"2026-02-15 13:09:43"}
{"level":"info","message":"SIGINT signal received: closing HTTP server","service":"auth-api","timestamp":"2026-02-15 13:10:23"}
{"level":"info","message":"Prisma Client connected to database","service":"auth-api","timestamp":"2026-02-16 13:27:24"}
{"level":"info","message":"Database connection established","service":"auth-api","timestamp":"2026-02-16 13:27:24"}
{"level":"info","message":"Server started on port 8000","service":"auth-api","timestamp":"2026-02-16 13:27:24"}
{"level":"info","message":"Prisma Client connected to database","service":"auth-api","timestamp":"2026-02-16 13:27:29"}
{"level":"info","message":"Database connection established","service":"auth-api","timestamp":"2026-02-16 13:27:29"}
{"level":"info","message":"Server started on port 8000","service":"auth-api","timestamp":"2026-02-16 13:27:29"}
{"level":"info","message":"Prisma Client connected to database","service":"auth-api","timestamp":"2026-02-16 13:28:01"}
{"level":"info","message":"Database connection established","service":"auth-api","timestamp":"2026-02-16 13:28:01"}
{"level":"info","message":"Server started on port 8000","service":"auth-api","timestamp":"2026-02-16 13:28:01"}
{"level":"info","message":"GET /api-docs/","service":"auth-api","timestamp":"2026-02-16 13:28:19"}
{"level":"info","message":"GET /api-docs/swagger-ui.css","service":"auth-api","timestamp":"2026-02-16 13:28:19"}
{"level":"info","message":"GET /api-docs/swagger-ui-bundle.js","service":"auth-api","timestamp":"2026-02-16 13:28:19"}
{"level":"info","message":"GET /api-docs/swagger-ui-standalone-preset.js","service":"auth-api","timestamp":"2026-02-16 13:28:19"}
{"level":"info","message":"GET /api-docs/swagger-ui-init.js","service":"auth-api","timestamp":"2026-02-16 13:28:19"}
{"level":"info","message":"GET /api-docs/swagger-ui-init.js","service":"auth-api","timestamp":"2026-02-16 13:28:19"}
{"level":"info","message":"GET /api-docs/swagger-ui-standalone-preset.js","service":"auth-api","timestamp":"2026-02-16 13:28:19"}
{"level":"info","message":"GET /api-docs/swagger-ui-bundle.js","service":"auth-api","timestamp":"2026-02-16 13:28:19"}
{"level":"info","message":"GET /api-docs/favicon-32x32.png","service":"auth-api","timestamp":"2026-02-16 13:28:19"}
{"level":"info","message":"POST /api/auth/login","service":"auth-api","timestamp":"2026-02-16 13:30:12"}
{"clientVersion":"7.4.0","code":"P1001","level":"error","message":"Error in findByUsername: \nInvalid `this.prisma.user.findUnique()` invocation in\n/home/whh32/Desktop/whh32/back/src/features/auth/auth.repository.js:11:43\n\n   8 \n   9 async findByUsername(username) {\n  10     try {\n→ 11         return await this.prisma.user.findUnique(\nCan't reach database server at 127.0.0.1:51213","meta":{"driverAdapterError":{"cause":{"host":"127.0.0.1","kind":"DatabaseNotReachable","port":51213},"name":"DriverAdapterError"},"modelName":"User"},"name":"PrismaClientKnownRequestError","service":"auth-api","stack":"PrismaClientKnownRequestError: \nInvalid `this.prisma.user.findUnique()` invocation in\n/home/whh32/Desktop/whh32/back/src/features/auth/auth.repository.js:11:43\n\n   8 \n   9 async findByUsername(username) {\n  10     try {\n→ 11         return await this.prisma.user.findUnique(\nCan't reach database server at 127.0.0.1:51213\n    at zr.handleRequestError (/home/whh32/Desktop/whh32/back/node_modules/@prisma/client/runtime/client.js:65:8172)\n    at zr.handleAndLogRequestError (/home/whh32/Desktop/whh32/back/node_modules/@prisma/client/runtime/client.js:65:7467)\n    at zr.request (/home/whh32/Desktop/whh32/back/node_modules/@prisma/client/runtime/client.js:65:7174)\n    at process.processTicksAndRejections (node:internal/process/task_queues:105:5)\n    at async a (/home/whh32/Desktop/whh32/back/node_modules/@prisma/client/runtime/client.js:75:5816)\n    at async AuthRepository.findByUsername (/home/whh32/Desktop/whh32/back/src/features/auth/auth.repository.js:11:20)\n    at async AuthService.login (/home/whh32/Desktop/whh32/back/src/features/auth/auth.service.js:47:26)\n    at async login (/home/whh32/Desktop/whh32/back/src/features/auth/auth.controller.js:26:28)","timestamp":"2026-02-16 13:30:12"}
{"clientVersion":"7.4.0","code":"P1001","level":"error","message":"Error in login service: \nInvalid `this.prisma.user.findUnique()` invocation in\n/home/whh32/Desktop/whh32/back/src/features/auth/auth.repository.js:11:43\n\n   8 \n   9 async findByUsername(username) {\n  10     try {\n→ 11         return await this.prisma.user.findUnique(\nCan't reach database server at 127.0.0.1:51213","meta":{"driverAdapterError":{"cause":{"host":"127.0.0.1","kind":"DatabaseNotReachable","port":51213},"name":"DriverAdapterError"},"modelName":"User"},"name":"PrismaClientKnownRequestError","service":"auth-api","stack":"PrismaClientKnownRequestError: \nInvalid `this.prisma.user.findUnique()` invocation in\n/home/whh32/Desktop/whh32/back/src/features/auth/auth.repository.js:11:43\n\n   8 \n   9 async findByUsername(username) {\n  10     try {\n→ 11         return await this.prisma.user.findUnique(\nCan't reach database server at 127.0.0.1:51213\n    at zr.handleRequestError (/home/whh32/Desktop/whh32/back/node_modules/@prisma/client/runtime/client.js:65:8172)\n    at zr.handleAndLogRequestError (/home/whh32/Desktop/whh32/back/node_modules/@prisma/client/runtime/client.js:65:7467)\n    at zr.request (/home/whh32/Desktop/whh32/back/node_modules/@prisma/client/runtime/client.js:65:7174)\n    at process.processTicksAndRejections (node:internal/process/task_queues:105:5)\n    at async a (/home/whh32/Desktop/whh32/back/node_modules/@prisma/client/runtime/client.js:75:5816)\n    at async AuthRepository.findByUsername (/home/whh32/Desktop/whh32/back/src/features/auth/auth.repository.js:11:20)\n    at async AuthService.login (/home/whh32/Desktop/whh32/back/src/features/auth/auth.service.js:47:26)\n    at async login (/home/whh32/Desktop/whh32/back/src/features/auth/auth.controller.js:26:28)","timestamp":"2026-02-16 13:30:12"}
{"level":"error","message":"\nInvalid `this.prisma.user.findUnique()` invocation in\n/home/whh32/Desktop/whh32/back/src/features/auth/auth.repository.js:11:43\n\n   8 \n   9 async findByUsername(username) {\n  10     try {\n→ 11         return await this.prisma.user.findUnique(\nCan't reach database server at 127.0.0.1:51213","method":"POST","path":"/api/auth/login","service":"auth-api","stack":"PrismaClientKnownRequestError: \nInvalid `this.prisma.user.findUnique()` invocation in\n/home/whh32/Desktop/whh32/back/src/features/auth/auth.repository.js:11:43\n\n   8 \n   9 async findByUsername(username) {\n  10     try {\n→ 11         return await this.prisma.user.findUnique(\nCan't reach database server at 127.0.0.1:51213\n    at zr.handleRequestError (/home/whh32/Desktop/whh32/back/node_modules/@prisma/client/runtime/client.js:65:8172)\n    at zr.handleAndLogRequestError (/home/whh32/Desktop/whh32/back/node_modules/@prisma/client/runtime/client.js:65:7467)\n    at zr.request (/home/whh32/Desktop/whh32/back/node_modules/@prisma/client/runtime/client.js:65:7174)\n    at process.processTicksAndRejections (node:internal/process/task_queues:105:5)\n    at async a (/home/whh32/Desktop/whh32/back/node_modules/@prisma/client/runtime/client.js:75:5816)\n    at async AuthRepository.findByUsername (/home/whh32/Desktop/whh32/back/src/features/auth/auth.repository.js:11:20)\n    at async AuthService.login (/home/whh32/Desktop/whh32/back/src/features/auth/auth.service.js:47:26)\n    at async login (/home/whh32/Desktop/whh32/back/src/features/auth/auth.controller.js:26:28)","timestamp":"2026-02-16 13:30:12"}
{"level":"info","message":"POST /api/auth/login","service":"auth-api","timestamp":"2026-02-16 13:30:25"}
{"clientVersion":"7.4.0","code":"P1001","level":"error","message":"Error in findByUsername: \nInvalid `this.prisma.user.findUnique()` invocation in\n/home/whh32/Desktop/whh32/back/src/features/auth/auth.repository.js:11:43\n\n   8 \n   9 async findByUsername(username) {\n  10     try {\n→ 11         return await this.prisma.user.findUnique(\nCan't reach database server at 127.0.0.1:51213","meta":{"driverAdapterError":{"cause":{"host":"127.0.0.1","kind":"DatabaseNotReachable","port":51213},"name":"DriverAdapterError"},"modelName":"User"},"name":"PrismaClientKnownRequestError","service":"auth-api","stack":"PrismaClientKnownRequestError: \nInvalid `this.prisma.user.findUnique()` invocation in\n/home/whh32/Desktop/whh32/back/src/features/auth/auth.repository.js:11:43\n\n   8 \n   9 async findByUsername(username) {\n  10     try {\n→ 11         return await this.prisma.user.findUnique(\nCan't reach database server at 127.0.0.1:51213\n    at zr.handleRequestError (/home/whh32/Desktop/whh32/back/node_modules/@prisma/client/runtime/client.js:65:8172)\n    at zr.handleAndLogRequestError (/home/whh32/Desktop/whh32/back/node_modules/@prisma/client/runtime/client.js:65:7467)\n    at zr.request (/home/whh32/Desktop/whh32/back/node_modules/@prisma/client/runtime/client.js:65:7174)\n    at process.processTicksAndRejections (node:internal/process/task_queues:105:5)\n    at async a (/home/whh32/Desktop/whh32/back/node_modules/@prisma/client/runtime/client.js:75:5816)\n    at async AuthRepository.findByUsername (/home/whh32/Desktop/whh32/back/src/features/auth/auth.repository.js:11:20)\n    at async AuthService.login (/home/whh32/Desktop/whh32/back/src/features/auth/auth.service.js:47:26)\n    at async login (/home/whh32/Desktop/whh32/back/src/features/auth/auth.controller.js:26:28)","timestamp":"2026-02-16 13:30:25"}
{"clientVersion":"7.4.0","code":"P1001","level":"error","message":"Error in login service: \nInvalid `this.prisma.user.findUnique()` invocation in\n/home/whh32/Desktop/whh32/back/src/features/auth/auth.repository.js:11:43\n\n   8 \n   9 async findByUsername(username) {\n  10     try {\n→ 11         return await this.prisma.user.findUnique(\nCan't reach database server at 127.0.0.1:51213","meta":{"driverAdapterError":{"cause":{"host":"127.0.0.1","kind":"DatabaseNotReachable","port":51213},"name":"DriverAdapterError"},"modelName":"User"},"name":"PrismaClientKnownRequestError","service":"auth-api","stack":"PrismaClientKnownRequestError: \nInvalid `this.prisma.user.findUnique()` invocation in\n/home/whh32/Desktop/whh32/back/src/features/auth/auth.repository.js:11:43\n\n   8 \n   9 async findByUsername(username) {\n  10     try {\n→ 11         return await this.prisma.user.findUnique(\nCan't reach database server at 127.0.0.1:51213\n    at zr.handleRequestError (/home/whh32/Desktop/whh32/back/node_modules/@prisma/client/runtime/client.js:65:8172)\n    at zr.handleAndLogRequestError (/home/whh32/Desktop/whh32/back/node_modules/@prisma/client/runtime/client.js:65:7467)\n    at zr.request (/home/whh32/Desktop/whh32/back/node_modules/@prisma/client/runtime/client.js:65:7174)\n    at process.processTicksAndRejections (node:internal/process/task_queues:105:5)\n    at async a (/home/whh32/Desktop/whh32/back/node_modules/@prisma/client/runtime/client.js:75:5816)\n    at async AuthRepository.findByUsername (/home/whh32/Desktop/whh32/back/src/features/auth/auth.repository.js:11:20)\n    at async AuthService.login (/home/whh32/Desktop/whh32/back/src/features/auth/auth.service.js:47:26)\n    at async login (/home/whh32/Desktop/whh32/back/src/features/auth/auth.controller.js:26:28)","timestamp":"2026-02-16 13:30:25"}
{"level":"error","message":"\nInvalid `this.prisma.user.findUnique()` invocation in\n/home/whh32/Desktop/whh32/back/src/features/auth/auth.repository.js:11:43\n\n   8 \n   9 async findByUsername(username) {\n  10     try {\n→ 11         return await this.prisma.user.findUnique(\nCan't reach database server at 127.0.0.1:51213","method":"POST","path":"/api/auth/login","service":"auth-api","stack":"PrismaClientKnownRequestError: \nInvalid `this.prisma.user.findUnique()` invocation in\n/home/whh32/Desktop/whh32/back/src/features/auth/auth.repository.js:11:43\n\n   8 \n   9 async findByUsername(username) {\n  10     try {\n→ 11         return await this.prisma.user.findUnique(\nCan't reach database server at 127.0.0.1:51213\n    at zr.handleRequestError (/home/whh32/Desktop/whh32/back/node_modules/@prisma/client/runtime/client.js:65:8172)\n    at zr.handleAndLogRequestError (/home/whh32/Desktop/whh32/back/node_modules/@prisma/client/runtime/client.js:65:7467)\n    at zr.request (/home/whh32/Desktop/whh32/back/node_modules/@prisma/client/runtime/client.js:65:7174)\n    at process.processTicksAndRejections (node:internal/process/task_queues:105:5)\n    at async a (/home/whh32/Desktop/whh32/back/node_modules/@prisma/client/runtime/client.js:75:5816)\n    at async AuthRepository.findByUsername (/home/whh32/Desktop/whh32/back/src/features/auth/auth.repository.js:11:20)\n    at async AuthService.login (/home/whh32/Desktop/whh32/back/src/features/auth/auth.service.js:47:26)\n    at async login (/home/whh32/Desktop/whh32/back/src/features/auth/auth.controller.js:26:28)","timestamp":"2026-02-16 13:30:25"}
{"level":"info","message":"POST /api/auth/login","service":"auth-api","timestamp":"2026-02-16 13:31:28"}
{"clientVersion":"7.4.0","code":"P1001","level":"error","message":"Error in findByUsername: \nInvalid `this.prisma.user.findUnique()` invocation in\n/home/whh32/Desktop/whh32/back/src/features/auth/auth.repository.js:11:43\n\n   8 \n   9 async findByUsername(username) {\n  10     try {\n→ 11         return await this.prisma.user.findUnique(\nCan't reach database server at 127.0.0.1:51213","meta":{"driverAdapterError":{"cause":{"host":"127.0.0.1","kind":"DatabaseNotReachable","port":51213},"name":"DriverAdapterError"},"modelName":"User"},"name":"PrismaClientKnownRequestError","service":"auth-api","stack":"PrismaClientKnownRequestError: \nInvalid `this.prisma.user.findUnique()` invocation in\n/home/whh32/Desktop/whh32/back/src/features/auth/auth.repository.js:11:43\n\n   8 \n   9 async findByUsername(username) {\n  10     try {\n→ 11         return await this.prisma.user.findUnique(\nCan't reach database server at 127.0.0.1:51213\n    at zr.handleRequestError (/home/whh32/Desktop/whh32/back/node_modules/@prisma/client/runtime/client.js:65:8172)\n    at zr.handleAndLogRequestError (/home/whh32/Desktop/whh32/back/node_modules/@prisma/client/runtime/client.js:65:7467)\n    at zr.request (/home/whh32/Desktop/whh32/back/node_modules/@prisma/client/runtime/client.js:65:7174)\n    at process.processTicksAndRejections (node:internal/process/task_queues:105:5)\n    at async a (/home/whh32/Desktop/whh32/back/node_modules/@prisma/client/runtime/client.js:75:5816)\n    at async AuthRepository.findByUsername (/home/whh32/Desktop/whh32/back/src/features/auth/auth.repository.js:11:20)\n    at async AuthService.login (/home/whh32/Desktop/whh32/back/src/features/auth/auth.service.js:47:26)\n    at async login (/home/whh32/Desktop/whh32/back/src/features/auth/auth.controller.js:26:28)","timestamp":"2026-02-16 13:31:28"}
{"clientVersion":"7.4.0","code":"P1001","level":"error","message":"Error in login service: \nInvalid `this.prisma.user.findUnique()` invocation in\n/home/whh32/Desktop/whh32/back/src/features/auth/auth.repository.js:11:43\n\n   8 \n   9 async findByUsername(username) {\n  10     try {\n→ 11         return await this.prisma.user.findUnique(\nCan't reach database server at 127.0.0.1:51213","meta":{"driverAdapterError":{"cause":{"host":"127.0.0.1","kind":"DatabaseNotReachable","port":51213},"name":"DriverAdapterError"},"modelName":"User"},"name":"PrismaClientKnownRequestError","service":"auth-api","stack":"PrismaClientKnownRequestError: \nInvalid `this.prisma.user.findUnique()` invocation in\n/home/whh32/Desktop/whh32/back/src/features/auth/auth.repository.js:11:43\n\n   8 \n   9 async findByUsername(username) {\n  10     try {\n→ 11         return await this.prisma.user.findUnique(\nCan't reach database server at 127.0.0.1:51213\n    at zr.handleRequestError (/home/whh32/Desktop/whh32/back/node_modules/@prisma/client/runtime/client.js:65:8172)\n    at zr.handleAndLogRequestError (/home/whh32/Desktop/whh32/back/node_modules/@prisma/client/runtime/client.js:65:7467)\n    at zr.request (/home/whh32/Desktop/whh32/back/node_modules/@prisma/client/runtime/client.js:65:7174)\n    at process.processTicksAndRejections (node:internal/process/task_queues:105:5)\n    at async a (/home/whh32/Desktop/whh32/back/node_modules/@prisma/client/runtime/client.js:75:5816)\n    at async AuthRepository.findByUsername (/home/whh32/Desktop/whh32/back/src/features/auth/auth.repository.js:11:20)\n    at async AuthService.login (/home/whh32/Desktop/whh32/back/src/features/auth/auth.service.js:47:26)\n    at async login (/home/whh32/Desktop/whh32/back/src/features/auth/auth.controller.js:26:28)","timestamp":"2026-02-16 13:31:28"}
{"level":"error","message":"\nInvalid `this.prisma.user.findUnique()` invocation in\n/home/whh32/Desktop/whh32/back/src/features/auth/auth.repository.js:11:43\n\n   8 \n   9 async findByUsername(username) {\n  10     try {\n→ 11         return await this.prisma.user.findUnique(\nCan't reach database server at 127.0.0.1:51213","method":"POST","path":"/api/auth/login","service":"auth-api","stack":"PrismaClientKnownRequestError: \nInvalid `this.prisma.user.findUnique()` invocation in\n/home/whh32/Desktop/whh32/back/src/features/auth/auth.repository.js:11:43\n\n   8 \n   9 async findByUsername(username) {\n  10     try {\n→ 11         return await this.prisma.user.findUnique(\nCan't reach database server at 127.0.0.1:51213\n    at zr.handleRequestError (/home/whh32/Desktop/whh32/back/node_modules/@prisma/client/runtime/client.js:65:8172)\n    at zr.handleAndLogRequestError (/home/whh32/Desktop/whh32/back/node_modules/@prisma/client/runtime/client.js:65:7467)\n    at zr.request (/home/whh32/Desktop/whh32/back/node_modules/@prisma/client/runtime/client.js:65:7174)\n    at process.processTicksAndRejections (node:internal/process/task_queues:105:5)\n    at async a (/home/whh32/Desktop/whh32/back/node_modules/@prisma/client/runtime/client.js:75:5816)\n    at async AuthRepository.findByUsername (/home/whh32/Desktop/whh32/back/src/features/auth/auth.repository.js:11:20)\n    at async AuthService.login (/home/whh32/Desktop/whh32/back/src/features/auth/auth.service.js:47:26)\n    at async login (/home/whh32/Desktop/whh32/back/src/features/auth/auth.controller.js:26:28)","timestamp":"2026-02-16 13:31:28"}
{"level":"info","message":"Prisma Client connected to database","service":"auth-api","timestamp":"2026-02-16 13:35:13"}
{"level":"info","message":"Database connection established","service":"auth-api","timestamp":"2026-02-16 13:35:13"}
{"level":"info","message":"Server started on port 8000","service":"auth-api","timestamp":"2026-02-16 13:35:13"}
{"0":"p","1":"o","10":":","11":"/","12":"/","13":"p","14":"o","15":"s","16":"t","17":"g","18":"r","19":"e","2":"s","20":"s","21":":","22":"*","23":"*","24":"*","25":"*","26":"@","27":"l","28":"o","29":"c","3":"t","30":"a","31":"l","32":"h","33":"o","34":"s","35":"t","36":":","37":"1","38":"5","39":"4","4":"g","40":"3","41":"2","42":"/","43":"a","44":"u","45":"t","46":"h","47":"d","48":"b","49":"?","5":"r","50":"s","51":"c","52":"h","53":"e","54":"m","55":"a","56":"=","57":"p","58":"u","59":"b","6":"e","60":"l","61":"i","62":"c","7":"s","8":"q","9":"l","level":"debug","message":"Initializing Prisma Client with connection string:","service":"auth-api","timestamp":"2026-02-16 13:35:17"}
{"level":"info","message":"Prisma Client connected to database","service":"auth-api","timestamp":"2026-02-16 13:35:17"}
{"level":"info","message":"Database connection established","service":"auth-api","timestamp":"2026-02-16 13:35:17"}
{"level":"info","message":"Server started on port 8000","service":"auth-api","timestamp":"2026-02-16 13:35:17"}
{"0":"p","1":"o","10":":","11":"/","12":"/","13":"p","14":"o","15":"s","16":"t","17":"g","18":"r","19":"e","2":"s","20":"s","21":":","22":"*","23":"*","24":"*","25":"*","26":"@","27":"l","28":"o","29":"c","3":"t","30":"a","31":"l","32":"h","33":"o","34":"s","35":"t","36":":","37":"1","38":"5","39":"4","4":"g","40":"3","41":"2","42":"/","43":"a","44":"u","45":"t","46":"h","47":"d","48":"b","49":"?","5":"r","50":"s","51":"c","52":"h","53":"e","54":"m","55":"a","56":"=","57":"p","58":"u","59":"b","6":"e","60":"l","61":"i","62":"c","7":"s","8":"q","9":"l","level":"debug","message":"Initializing Prisma Client with connection string:","service":"auth-api","timestamp":"2026-02-16 13:35:37"}
{"level":"info","message":"Prisma Client connected to database","service":"auth-api","timestamp":"2026-02-16 13:35:37"}
{"level":"info","message":"Database connection established","service":"auth-api","timestamp":"2026-02-16 13:35:37"}
{"level":"info","message":"Server started on port 8000","service":"auth-api","timestamp":"2026-02-16 13:35:37"}
{"level":"info","message":"POST /api/auth/login","service":"auth-api","timestamp":"2026-02-16 13:36:16"}
{"level":"info","message":"User logged in successfully: whh32","service":"auth-api","timestamp":"2026-02-16 13:36:16"}
{"level":"info","message":"GET /api/auth/me","service":"auth-api","timestamp":"2026-02-16 13:36:16"}
{"level":"debug","message":"User authenticated: whh32","service":"auth-api","timestamp":"2026-02-16 13:36:16"}
{"level":"info","message":"GET /api/auth/me","service":"auth-api","timestamp":"2026-02-16 13:36:16"}
{"level":"debug","message":"User authenticated: whh32","service":"auth-api","timestamp":"2026-02-16 13:36:16"}
{"level":"info","message":"GET /api/auth/me","service":"auth-api","timestamp":"2026-02-16 13:36:20"}
{"level":"debug","message":"User authenticated: whh32","service":"auth-api","timestamp":"2026-02-16 13:36:20"}
{"level":"info","message":"POST /api/auth/login","service":"auth-api","timestamp":"2026-02-16 13:36:24"}
{"level":"info","message":"User logged in successfully: whh32","service":"auth-api","timestamp":"2026-02-16 13:36:24"}
{"level":"info","message":"GET /api/auth/me","service":"auth-api","timestamp":"2026-02-16 13:36:25"}
{"level":"debug","message":"User authenticated: whh32","service":"auth-api","timestamp":"2026-02-16 13:36:25"}
{"level":"info","message":"GET /api/auth/me","service":"auth-api","timestamp":"2026-02-16 13:36:25"}
{"level":"debug","message":"User authenticated: whh32","service":"auth-api","timestamp":"2026-02-16 13:36:25"}
{"level":"info","message":"SIGINT signal received: closing HTTP server","service":"auth-api","timestamp":"2026-02-16 13:39:44"}
{"0":"p","1":"o","10":":","11":"/","12":"/","13":"p","14":"o","15":"s","16":"t","17":"g","18":"r","19":"e","2":"s","20":"s","21":":","22":"*","23":"*","24":"*","25":"*","26":"@","27":"l","28":"o","29":"c","3":"t","30":"a","31":"l","32":"h","33":"o","34":"s","35":"t","36":":","37":"1","38":"5","39":"4","4":"g","40":"3","41":"2","42":"/","43":"a","44":"u","45":"t","46":"h","47":"d","48":"b","49":"?","5":"r","50":"s","51":"c","52":"h","53":"e","54":"m","55":"a","56":"=","57":"p","58":"u","59":"b","6":"e","60":"l","61":"i","62":"c","7":"s","8":"q","9":"l","level":"debug","message":"Initializing Prisma Client with connection string:","service":"auth-api","timestamp":"2026-02-16 13:39:54"}
{"level":"info","message":"Prisma Client connected to database","service":"auth-api","timestamp":"2026-02-16 13:39:55"}
{"level":"info","message":"Database connection established","service":"auth-api","timestamp":"2026-02-16 13:39:55"}
{"level":"info","message":"Server started on port 8000","service":"auth-api","timestamp":"2026-02-16 13:39:55"}
{"level":"info","message":"POST /api/auth/login","service":"auth-api","timestamp":"2026-02-16 13:40:10"}
{"level":"info","message":"User logged in successfully: whh32","service":"auth-api","timestamp":"2026-02-16 13:40:10"}
{"level":"info","message":"GET /api/auth/me","service":"auth-api","timestamp":"2026-02-16 13:40:10"}
{"level":"debug","message":"User authenticated: whh32","service":"auth-api","timestamp":"2026-02-16 13:40:10"}
{"level":"info","message":"GET /api/auth/me","service":"auth-api","timestamp":"2026-02-16 13:40:10"}
{"level":"debug","message":"User authenticated: whh32","service":"auth-api","timestamp":"2026-02-16 13:40:10"}
{"level":"info","message":"POST /api/auth/login","service":"auth-api","timestamp":"2026-02-16 13:58:10"}
{"level":"info","message":"User logged in successfully: whh32","service":"auth-api","timestamp":"2026-02-16 13:58:10"}
{"level":"info","message":"GET /api/auth/me","service":"auth-api","timestamp":"2026-02-16 13:58:10"}
{"level":"debug","message":"User authenticated: whh32","service":"auth-api","timestamp":"2026-02-16 13:58:10"}
{"level":"info","message":"GET /api/auth/me","service":"auth-api","timestamp":"2026-02-16 13:58:10"}
{"level":"debug","message":"User authenticated: whh32","service":"auth-api","timestamp":"2026-02-16 13:58:10"}
{"level":"info","message":"GET /api/auth/me","service":"auth-api","timestamp":"2026-02-16 13:58:21"}
{"level":"debug","message":"User authenticated: whh32","service":"auth-api","timestamp":"2026-02-16 13:58:21"}
{"level":"info","message":"GET /api/auth/me","service":"auth-api","timestamp":"2026-02-16 13:58:25"}
{"level":"debug","message":"User authenticated: whh32","service":"auth-api","timestamp":"2026-02-16 13:58:25"}
{"0":"p","1":"o","10":":","11":"/","12":"/","13":"p","14":"o","15":"s","16":"t","17":"g","18":"r","19":"e","2":"s","20":"s","21":":","22":"*","23":"*","24":"*","25":"*","26":"@","27":"l","28":"o","29":"c","3":"t","30":"a","31":"l","32":"h","33":"o","34":"s","35":"t","36":":","37":"1","38":"5","39":"4","4":"g","40":"3","41":"2","42":"/","43":"a","44":"u","45":"t","46":"h","47":"d","48":"b","49":"?","5":"r","50":"s","51":"c","52":"h","53":"e","54":"m","55":"a","56":"=","57":"p","58":"u","59":"b","6":"e","60":"l","61":"i","62":"c","7":"s","8":"q","9":"l","level":"debug","message":"Initializing Prisma Client with connection string:","service":"auth-api","timestamp":"2026-02-16 16:07:52"}
{"level":"info","message":"Prisma Client connected to database","service":"auth-api","timestamp":"2026-02-16 16:07:52"}
{"level":"info","message":"Database connection established","service":"auth-api","timestamp":"2026-02-16 16:07:52"}
{"level":"info","message":"Server started on port 8000","service":"auth-api","timestamp":"2026-02-16 16:07:52"}
{"level":"info","message":"POST /api/auth/login","service":"auth-api","timestamp":"2026-02-16 16:43:45"}
{"level":"info","message":"User logged in successfully: whh32","service":"auth-api","timestamp":"2026-02-16 16:43:45"}
{"level":"info","message":"GET /api/auth/me","service":"auth-api","timestamp":"2026-02-16 16:43:45"}
{"level":"debug","message":"User authenticated: whh32","service":"auth-api","timestamp":"2026-02-16 16:43:45"}
{"level":"info","message":"GET /api/auth/me","service":"auth-api","timestamp":"2026-02-16 16:43:45"}
{"level":"debug","message":"User authenticated: whh32","service":"auth-api","timestamp":"2026-02-16 16:43:45"}
{"0":"p","1":"o","10":":","11":"/","12":"/","13":"p","14":"o","15":"s","16":"t","17":"g","18":"r","19":"e","2":"s","20":"s","21":":","22":"*","23":"*","24":"*","25":"*","26":"@","27":"l","28":"o","29":"c","3":"t","30":"a","31":"l","32":"h","33":"o","34":"s","35":"t","36":":","37":"1","38":"5","39":"4","4":"g","40":"3","41":"2","42":"/","43":"a","44":"u","45":"t","46":"h","47":"d","48":"b","49":"?","5":"r","50":"s","51":"c","52":"h","53":"e","54":"m","55":"a","56":"=","57":"p","58":"u","59":"b","6":"e","60":"l","61":"i","62":"c","7":"s","8":"q","9":"l","level":"debug","message":"Initializing Prisma Client with connection string:","service":"auth-api","timestamp":"2026-02-16 19:18:51"}
{"level":"info","message":"Prisma Client connected to database","service":"auth-api","timestamp":"2026-02-16 19:18:52"}
{"level":"info","message":"Database connection established","service":"auth-api","timestamp":"2026-02-16 19:18:52"}
{"level":"info","message":"Server started on port 8000","service":"auth-api","timestamp":"2026-02-16 19:18:52"}
